[2023-03-09T11:07:59.660] [ERROR] error - Error: Usuarios validation failed: tel: Path `tel` is required.
    at ValidationError.inspect (D:\Cursos\CoderHouse\e-commerce3\node_modules\mongoose\lib\error\validation.js:50:26)
    at formatValue (node:internal/util/inspect:763:19)
    at inspect (node:internal/util/inspect:340:10)
    at formatWithOptionsInternal (node:internal/util/inspect:2006:40)
    at Object.format (node:internal/util/inspect:1880:10)
    at basicLayout (D:\Cursos\CoderHouse\e-commerce3\node_modules\log4js\lib\layouts.js:65:52)
    at app (D:\Cursos\CoderHouse\e-commerce3\node_modules\log4js\lib\appenders\file.js:98:23)
    at D:\Cursos\CoderHouse\e-commerce3\node_modules\log4js\lib\log4js.js:43:5
    at Array.forEach (<anonymous>)
    at sendLogEventToAppender (D:\Cursos\CoderHouse\e-commerce3\node_modules\log4js\lib\log4js.js:42:21) {
  errors: {
    tel: ValidatorError: Path `tel` is required.
        at validate (D:\Cursos\CoderHouse\e-commerce3\node_modules\mongoose\lib\schematype.js:1346:13)
        at Phone.SchemaType.doValidate (D:\Cursos\CoderHouse\e-commerce3\node_modules\mongoose\lib\schematype.js:1330:7)
        at D:\Cursos\CoderHouse\e-commerce3\node_modules\mongoose\lib\document.js:2903:18
        at processTicksAndRejections (node:internal/process/task_queues:78:11) {
      properties: [Object],
      kind: 'required',
      path: 'tel',
      value: '+54 388570980',
      reason: undefined,
      [Symbol(mongoose:validatorError)]: true
    }
  },
  _message: 'Usuarios validation failed'
}
[2023-03-09T11:08:29.560] [ERROR] error - Error: Usuarios validation failed: tel: Path `tel` is required.
    at ValidationError.inspect (D:\Cursos\CoderHouse\e-commerce3\node_modules\mongoose\lib\error\validation.js:50:26)
    at formatValue (node:internal/util/inspect:763:19)
    at inspect (node:internal/util/inspect:340:10)
    at formatWithOptionsInternal (node:internal/util/inspect:2006:40)
    at Object.format (node:internal/util/inspect:1880:10)
    at basicLayout (D:\Cursos\CoderHouse\e-commerce3\node_modules\log4js\lib\layouts.js:65:52)
    at app (D:\Cursos\CoderHouse\e-commerce3\node_modules\log4js\lib\appenders\file.js:98:23)
    at D:\Cursos\CoderHouse\e-commerce3\node_modules\log4js\lib\log4js.js:43:5
    at Array.forEach (<anonymous>)
    at sendLogEventToAppender (D:\Cursos\CoderHouse\e-commerce3\node_modules\log4js\lib\log4js.js:42:21) {
  errors: {
    tel: ValidatorError: Path `tel` is required.
        at validate (D:\Cursos\CoderHouse\e-commerce3\node_modules\mongoose\lib\schematype.js:1346:13)
        at Phone.SchemaType.doValidate (D:\Cursos\CoderHouse\e-commerce3\node_modules\mongoose\lib\schematype.js:1330:7)
        at D:\Cursos\CoderHouse\e-commerce3\node_modules\mongoose\lib\document.js:2903:18
        at processTicksAndRejections (node:internal/process/task_queues:78:11) {
      properties: [Object],
      kind: 'required',
      path: 'tel',
      value: '+54 3885',
      reason: undefined,
      [Symbol(mongoose:validatorError)]: true
    }
  },
  _message: 'Usuarios validation failed'
}
[2023-03-09T11:12:11.029] [ERROR] error - Error: users validation failed: tel: Path `tel` is required.
    at ValidationError.inspect (D:\Cursos\CoderHouse\e-commerce3\node_modules\mongoose\lib\error\validation.js:50:26)
    at formatValue (node:internal/util/inspect:763:19)
    at inspect (node:internal/util/inspect:340:10)
    at formatWithOptionsInternal (node:internal/util/inspect:2006:40)
    at Object.format (node:internal/util/inspect:1880:10)
    at basicLayout (D:\Cursos\CoderHouse\e-commerce3\node_modules\log4js\lib\layouts.js:65:52)
    at app (D:\Cursos\CoderHouse\e-commerce3\node_modules\log4js\lib\appenders\file.js:98:23)
    at D:\Cursos\CoderHouse\e-commerce3\node_modules\log4js\lib\log4js.js:43:5
    at Array.forEach (<anonymous>)
    at sendLogEventToAppender (D:\Cursos\CoderHouse\e-commerce3\node_modules\log4js\lib\log4js.js:42:21) {
  errors: {
    tel: ValidatorError: Path `tel` is required.
        at validate (D:\Cursos\CoderHouse\e-commerce3\node_modules\mongoose\lib\schematype.js:1346:13)
        at Phone.SchemaType.doValidate (D:\Cursos\CoderHouse\e-commerce3\node_modules\mongoose\lib\schematype.js:1330:7)
        at D:\Cursos\CoderHouse\e-commerce3\node_modules\mongoose\lib\document.js:2903:18
        at processTicksAndRejections (node:internal/process/task_queues:78:11) {
      properties: [Object],
      kind: 'required',
      path: 'tel',
      value: '+54 3885 47-0980',
      reason: undefined,
      [Symbol(mongoose:validatorError)]: true
    }
  },
  _message: 'users validation failed'
}
[2023-03-09T11:14:32.998] [ERROR] error - Error: users validation failed: tel: Path `tel` is required.
    at ValidationError.inspect (D:\Cursos\CoderHouse\e-commerce3\node_modules\mongoose\lib\error\validation.js:50:26)
    at formatValue (node:internal/util/inspect:763:19)
    at inspect (node:internal/util/inspect:340:10)
    at formatWithOptionsInternal (node:internal/util/inspect:2006:40)
    at Object.format (node:internal/util/inspect:1880:10)
    at basicLayout (D:\Cursos\CoderHouse\e-commerce3\node_modules\log4js\lib\layouts.js:65:52)
    at app (D:\Cursos\CoderHouse\e-commerce3\node_modules\log4js\lib\appenders\file.js:98:23)
    at D:\Cursos\CoderHouse\e-commerce3\node_modules\log4js\lib\log4js.js:43:5
    at Array.forEach (<anonymous>)
    at sendLogEventToAppender (D:\Cursos\CoderHouse\e-commerce3\node_modules\log4js\lib\log4js.js:42:21) {
  errors: {
    tel: ValidatorError: Path `tel` is required.
        at validate (D:\Cursos\CoderHouse\e-commerce3\node_modules\mongoose\lib\schematype.js:1346:13)
        at Phone.SchemaType.doValidate (D:\Cursos\CoderHouse\e-commerce3\node_modules\mongoose\lib\schematype.js:1330:7)
        at D:\Cursos\CoderHouse\e-commerce3\node_modules\mongoose\lib\document.js:2903:18
        at processTicksAndRejections (node:internal/process/task_queues:78:11) {
      properties: [Object],
      kind: 'required',
      path: 'tel',
      value: '+54 3885 47-0980',
      reason: undefined,
      [Symbol(mongoose:validatorError)]: true
    }
  },
  _message: 'users validation failed'
}
[2023-03-09T13:03:30.320] [ERROR] error - Error: users validation failed: avatar: Cast to string failed for value "{}" (type Object) at path "avatar"
    at ValidationError.inspect (D:\Cursos\CoderHouse\e-commerce3\node_modules\mongoose\lib\error\validation.js:50:26)
    at formatValue (node:internal/util/inspect:763:19)
    at inspect (node:internal/util/inspect:340:10)
    at formatWithOptionsInternal (node:internal/util/inspect:2006:40)
    at Object.format (node:internal/util/inspect:1880:10)
    at basicLayout (D:\Cursos\CoderHouse\e-commerce3\node_modules\log4js\lib\layouts.js:65:52)
    at app (D:\Cursos\CoderHouse\e-commerce3\node_modules\log4js\lib\appenders\file.js:98:23)
    at D:\Cursos\CoderHouse\e-commerce3\node_modules\log4js\lib\log4js.js:43:5
    at Array.forEach (<anonymous>)
    at sendLogEventToAppender (D:\Cursos\CoderHouse\e-commerce3\node_modules\log4js\lib\log4js.js:42:21) {
  errors: {
    avatar: CastError: Cast to string failed for value "{}" (type Object) at path "avatar"
        at SchemaString.cast (D:\Cursos\CoderHouse\e-commerce3\node_modules\mongoose\lib\schema\string.js:603:11)
        at SchemaString.SchemaType.applySetters (D:\Cursos\CoderHouse\e-commerce3\node_modules\mongoose\lib\schematype.js:1201:12)
        at model.$set (D:\Cursos\CoderHouse\e-commerce3\node_modules\mongoose\lib\document.js:1421:22)
        at model.$set (D:\Cursos\CoderHouse\e-commerce3\node_modules\mongoose\lib\document.js:1146:16)
        at model.Document (D:\Cursos\CoderHouse\e-commerce3\node_modules\mongoose\lib\document.js:166:12)
        at model.Model (D:\Cursos\CoderHouse\e-commerce3\node_modules\mongoose\lib\model.js:122:12)
        at new model (D:\Cursos\CoderHouse\e-commerce3\node_modules\mongoose\lib\model.js:5053:15)
        at D:\Cursos\CoderHouse\e-commerce3\node_modules\mongoose\lib\model.js:3197:22
        at D:\Cursos\CoderHouse\e-commerce3\node_modules\mongoose\lib\model.js:3232:7
        at Array.forEach (<anonymous>) {
      stringValue: '"{}"',
      messageFormat: undefined,
      kind: 'string',
      value: {},
      path: 'avatar',
      reason: null,
      valueType: 'Object'
    }
  },
  _message: 'users validation failed'
}
[2023-03-09T21:13:51.761] [ERROR] error - Error: productos validation failed: photoUrl: Path `photoUrl` is required.
    at ValidationError.inspect (D:\Cursos\CoderHouse\e-commerce3\node_modules\mongoose\lib\error\validation.js:50:26)
    at formatValue (node:internal/util/inspect:763:19)
    at inspect (node:internal/util/inspect:340:10)
    at formatWithOptionsInternal (node:internal/util/inspect:2006:40)
    at Object.format (node:internal/util/inspect:1880:10)
    at basicLayout (D:\Cursos\CoderHouse\e-commerce3\node_modules\log4js\lib\layouts.js:65:52)
    at app (D:\Cursos\CoderHouse\e-commerce3\node_modules\log4js\lib\appenders\file.js:98:23)
    at D:\Cursos\CoderHouse\e-commerce3\node_modules\log4js\lib\log4js.js:43:5
    at Array.forEach (<anonymous>)
    at sendLogEventToAppender (D:\Cursos\CoderHouse\e-commerce3\node_modules\log4js\lib\log4js.js:42:21) {
  errors: {
    photoUrl: ValidatorError: Path `photoUrl` is required.
        at validate (D:\Cursos\CoderHouse\e-commerce3\node_modules\mongoose\lib\schematype.js:1346:13)
        at SchemaString.SchemaType.doValidate (D:\Cursos\CoderHouse\e-commerce3\node_modules\mongoose\lib\schematype.js:1330:7)
        at D:\Cursos\CoderHouse\e-commerce3\node_modules\mongoose\lib\document.js:2903:18
        at processTicksAndRejections (node:internal/process/task_queues:78:11) {
      properties: [Object],
      kind: 'required',
      path: 'photoUrl',
      value: undefined,
      reason: undefined,
      [Symbol(mongoose:validatorError)]: true
    }
  },
  _message: 'productos validation failed'
}
[2023-03-09T21:15:14.471] [ERROR] error - Error: productos validation failed: photoUrl: Path `photoUrl` is required.
    at ValidationError.inspect (D:\Cursos\CoderHouse\e-commerce3\node_modules\mongoose\lib\error\validation.js:50:26)
    at formatValue (node:internal/util/inspect:763:19)
    at inspect (node:internal/util/inspect:340:10)
    at formatWithOptionsInternal (node:internal/util/inspect:2006:40)
    at Object.format (node:internal/util/inspect:1880:10)
    at basicLayout (D:\Cursos\CoderHouse\e-commerce3\node_modules\log4js\lib\layouts.js:65:52)
    at app (D:\Cursos\CoderHouse\e-commerce3\node_modules\log4js\lib\appenders\file.js:98:23)
    at D:\Cursos\CoderHouse\e-commerce3\node_modules\log4js\lib\log4js.js:43:5
    at Array.forEach (<anonymous>)
    at sendLogEventToAppender (D:\Cursos\CoderHouse\e-commerce3\node_modules\log4js\lib\log4js.js:42:21) {
  errors: {
    photoUrl: ValidatorError: Path `photoUrl` is required.
        at validate (D:\Cursos\CoderHouse\e-commerce3\node_modules\mongoose\lib\schematype.js:1346:13)
        at SchemaString.SchemaType.doValidate (D:\Cursos\CoderHouse\e-commerce3\node_modules\mongoose\lib\schematype.js:1330:7)
        at D:\Cursos\CoderHouse\e-commerce3\node_modules\mongoose\lib\document.js:2903:18
        at processTicksAndRejections (node:internal/process/task_queues:78:11) {
      properties: [Object],
      kind: 'required',
      path: 'photoUrl',
      value: undefined,
      reason: undefined,
      [Symbol(mongoose:validatorError)]: true
    }
  },
  _message: 'productos validation failed'
}
[2023-03-10T00:03:32.825] [ERROR] error - RestException [Error]: The number  is unverified. Trial accounts cannot send messages to unverified numbers; verify  at twilio.com/user/account/phone-numbers/verified, or purchase a Twilio number to send messages to unverified numbers.
    at success (D:\Cursos\CoderHouse\e-commerce3\node_modules\twilio\lib\base\Version.js:79:23)
    at processTicksAndRejections (node:internal/process/task_queues:96:5)
    at async file:///D:/Cursos/CoderHouse/e-commerce3/src/routers/api/carrito.js:142:21 {
  status: 400,
  code: 21608,
  moreInfo: 'https://www.twilio.com/docs/errors/21608',
  details: undefined
}
[2023-03-10T12:18:58.904] [ERROR] error - Error: users validation failed: avatar: Cast to string failed for value "{}" (type Object) at path "avatar"
    at ValidationError.inspect (D:\Cursos\CoderHouse\e-commerce3\node_modules\mongoose\lib\error\validation.js:50:26)
    at formatValue (node:internal/util/inspect:763:19)
    at inspect (node:internal/util/inspect:340:10)
    at formatWithOptionsInternal (node:internal/util/inspect:2006:40)
    at Object.format (node:internal/util/inspect:1880:10)
    at basicLayout (D:\Cursos\CoderHouse\e-commerce3\node_modules\log4js\lib\layouts.js:65:52)
    at app (D:\Cursos\CoderHouse\e-commerce3\node_modules\log4js\lib\appenders\file.js:98:23)
    at D:\Cursos\CoderHouse\e-commerce3\node_modules\log4js\lib\log4js.js:43:5
    at Array.forEach (<anonymous>)
    at sendLogEventToAppender (D:\Cursos\CoderHouse\e-commerce3\node_modules\log4js\lib\log4js.js:42:21) {
  errors: {
    avatar: CastError: Cast to string failed for value "{}" (type Object) at path "avatar"
        at SchemaString.cast (D:\Cursos\CoderHouse\e-commerce3\node_modules\mongoose\lib\schema\string.js:603:11)
        at SchemaString.SchemaType.applySetters (D:\Cursos\CoderHouse\e-commerce3\node_modules\mongoose\lib\schematype.js:1201:12)
        at model.$set (D:\Cursos\CoderHouse\e-commerce3\node_modules\mongoose\lib\document.js:1421:22)
        at model.$set (D:\Cursos\CoderHouse\e-commerce3\node_modules\mongoose\lib\document.js:1146:16)
        at model.Document (D:\Cursos\CoderHouse\e-commerce3\node_modules\mongoose\lib\document.js:166:12)
        at model.Model (D:\Cursos\CoderHouse\e-commerce3\node_modules\mongoose\lib\model.js:122:12)
        at new model (D:\Cursos\CoderHouse\e-commerce3\node_modules\mongoose\lib\model.js:5053:15)
        at D:\Cursos\CoderHouse\e-commerce3\node_modules\mongoose\lib\model.js:3197:22
        at D:\Cursos\CoderHouse\e-commerce3\node_modules\mongoose\lib\model.js:3232:7
        at Array.forEach (<anonymous>) {
      stringValue: '"{}"',
      messageFormat: undefined,
      kind: 'string',
      value: {},
      path: 'avatar',
      reason: null,
      valueType: 'Object'
    }
  },
  _message: 'users validation failed'
}
[2023-03-10T12:20:40.089] [ERROR] error - Error: users validation failed: avatar: Cast to string failed for value "{}" (type Object) at path "avatar"
    at ValidationError.inspect (D:\Cursos\CoderHouse\e-commerce3\node_modules\mongoose\lib\error\validation.js:50:26)
    at formatValue (node:internal/util/inspect:763:19)
    at inspect (node:internal/util/inspect:340:10)
    at formatWithOptionsInternal (node:internal/util/inspect:2006:40)
    at Object.format (node:internal/util/inspect:1880:10)
    at basicLayout (D:\Cursos\CoderHouse\e-commerce3\node_modules\log4js\lib\layouts.js:65:52)
    at app (D:\Cursos\CoderHouse\e-commerce3\node_modules\log4js\lib\appenders\file.js:98:23)
    at D:\Cursos\CoderHouse\e-commerce3\node_modules\log4js\lib\log4js.js:43:5
    at Array.forEach (<anonymous>)
    at sendLogEventToAppender (D:\Cursos\CoderHouse\e-commerce3\node_modules\log4js\lib\log4js.js:42:21) {
  errors: {
    avatar: CastError: Cast to string failed for value "{}" (type Object) at path "avatar"
        at SchemaString.cast (D:\Cursos\CoderHouse\e-commerce3\node_modules\mongoose\lib\schema\string.js:603:11)
        at SchemaString.SchemaType.applySetters (D:\Cursos\CoderHouse\e-commerce3\node_modules\mongoose\lib\schematype.js:1201:12)
        at model.$set (D:\Cursos\CoderHouse\e-commerce3\node_modules\mongoose\lib\document.js:1421:22)
        at model.$set (D:\Cursos\CoderHouse\e-commerce3\node_modules\mongoose\lib\document.js:1146:16)
        at model.Document (D:\Cursos\CoderHouse\e-commerce3\node_modules\mongoose\lib\document.js:166:12)
        at model.Model (D:\Cursos\CoderHouse\e-commerce3\node_modules\mongoose\lib\model.js:122:12)
        at new model (D:\Cursos\CoderHouse\e-commerce3\node_modules\mongoose\lib\model.js:5053:15)
        at D:\Cursos\CoderHouse\e-commerce3\node_modules\mongoose\lib\model.js:3197:22
        at D:\Cursos\CoderHouse\e-commerce3\node_modules\mongoose\lib\model.js:3232:7
        at Array.forEach (<anonymous>) {
      stringValue: '"{}"',
      messageFormat: undefined,
      kind: 'string',
      value: {},
      path: 'avatar',
      reason: null,
      valueType: 'Object'
    }
  },
  _message: 'users validation failed'
}
[2023-03-10T14:33:48.108] [ERROR] error - Error: users validation failed: avatar: Path `avatar` is required.
    at ValidationError.inspect (D:\Cursos\CoderHouse\e-commerce3\node_modules\mongoose\lib\error\validation.js:50:26)
    at formatValue (node:internal/util/inspect:763:19)
    at inspect (node:internal/util/inspect:340:10)
    at formatWithOptionsInternal (node:internal/util/inspect:2006:40)
    at Object.format (node:internal/util/inspect:1880:10)
    at basicLayout (D:\Cursos\CoderHouse\e-commerce3\node_modules\log4js\lib\layouts.js:65:52)
    at app (D:\Cursos\CoderHouse\e-commerce3\node_modules\log4js\lib\appenders\file.js:98:23)
    at D:\Cursos\CoderHouse\e-commerce3\node_modules\log4js\lib\log4js.js:43:5
    at Array.forEach (<anonymous>)
    at sendLogEventToAppender (D:\Cursos\CoderHouse\e-commerce3\node_modules\log4js\lib\log4js.js:42:21) {
  errors: {
    avatar: ValidatorError: Path `avatar` is required.
        at validate (D:\Cursos\CoderHouse\e-commerce3\node_modules\mongoose\lib\schematype.js:1346:13)
        at SchemaString.SchemaType.doValidate (D:\Cursos\CoderHouse\e-commerce3\node_modules\mongoose\lib\schematype.js:1330:7)
        at D:\Cursos\CoderHouse\e-commerce3\node_modules\mongoose\lib\document.js:2903:18
        at processTicksAndRejections (node:internal/process/task_queues:78:11) {
      properties: [Object],
      kind: 'required',
      path: 'avatar',
      value: undefined,
      reason: undefined,
      [Symbol(mongoose:validatorError)]: true
    }
  },
  _message: 'users validation failed'
}
[2023-03-10T14:34:52.051] [ERROR] error - Error: users validation failed: avatar: Path `avatar` is required.
    at ValidationError.inspect (D:\Cursos\CoderHouse\e-commerce3\node_modules\mongoose\lib\error\validation.js:50:26)
    at formatValue (node:internal/util/inspect:763:19)
    at inspect (node:internal/util/inspect:340:10)
    at formatWithOptionsInternal (node:internal/util/inspect:2006:40)
    at Object.format (node:internal/util/inspect:1880:10)
    at basicLayout (D:\Cursos\CoderHouse\e-commerce3\node_modules\log4js\lib\layouts.js:65:52)
    at app (D:\Cursos\CoderHouse\e-commerce3\node_modules\log4js\lib\appenders\file.js:98:23)
    at D:\Cursos\CoderHouse\e-commerce3\node_modules\log4js\lib\log4js.js:43:5
    at Array.forEach (<anonymous>)
    at sendLogEventToAppender (D:\Cursos\CoderHouse\e-commerce3\node_modules\log4js\lib\log4js.js:42:21) {
  errors: {
    avatar: ValidatorError: Path `avatar` is required.
        at validate (D:\Cursos\CoderHouse\e-commerce3\node_modules\mongoose\lib\schematype.js:1346:13)
        at SchemaString.SchemaType.doValidate (D:\Cursos\CoderHouse\e-commerce3\node_modules\mongoose\lib\schematype.js:1330:7)
        at D:\Cursos\CoderHouse\e-commerce3\node_modules\mongoose\lib\document.js:2903:18
        at processTicksAndRejections (node:internal/process/task_queues:78:11) {
      properties: [Object],
      kind: 'required',
      path: 'avatar',
      value: undefined,
      reason: undefined,
      [Symbol(mongoose:validatorError)]: true
    }
  },
  _message: 'users validation failed'
}
[2023-03-10T14:37:49.449] [ERROR] error - Error: users validation failed: avatar: Path `avatar` is required.
    at ValidationError.inspect (D:\Cursos\CoderHouse\e-commerce3\node_modules\mongoose\lib\error\validation.js:50:26)
    at formatValue (node:internal/util/inspect:763:19)
    at inspect (node:internal/util/inspect:340:10)
    at formatWithOptionsInternal (node:internal/util/inspect:2006:40)
    at Object.format (node:internal/util/inspect:1880:10)
    at basicLayout (D:\Cursos\CoderHouse\e-commerce3\node_modules\log4js\lib\layouts.js:65:52)
    at app (D:\Cursos\CoderHouse\e-commerce3\node_modules\log4js\lib\appenders\file.js:98:23)
    at D:\Cursos\CoderHouse\e-commerce3\node_modules\log4js\lib\log4js.js:43:5
    at Array.forEach (<anonymous>)
    at sendLogEventToAppender (D:\Cursos\CoderHouse\e-commerce3\node_modules\log4js\lib\log4js.js:42:21) {
  errors: {
    avatar: ValidatorError: Path `avatar` is required.
        at validate (D:\Cursos\CoderHouse\e-commerce3\node_modules\mongoose\lib\schematype.js:1346:13)
        at SchemaString.SchemaType.doValidate (D:\Cursos\CoderHouse\e-commerce3\node_modules\mongoose\lib\schematype.js:1330:7)
        at D:\Cursos\CoderHouse\e-commerce3\node_modules\mongoose\lib\document.js:2903:18
        at processTicksAndRejections (node:internal/process/task_queues:78:11) {
      properties: [Object],
      kind: 'required',
      path: 'avatar',
      value: undefined,
      reason: undefined,
      [Symbol(mongoose:validatorError)]: true
    }
  },
  _message: 'users validation failed'
}
[2023-03-10T14:56:09.430] [ERROR] error - Error en servidor Error: listen EADDRINUSE: address already in use :::8080
